[debug] [2025-06-01T07:18:56.544Z] ----------------------------------------------------------------------
[debug] [2025-06-01T07:18:56.547Z] Command:       C:\Program Files\nodejs\node.exe C:\Users\rizqi\AppData\Roaming\npm\node_modules\firebase-tools\lib\bin\firebase.js use --add
[debug] [2025-06-01T07:18:56.547Z] CLI Version:   14.5.1
[debug] [2025-06-01T07:18:56.548Z] Platform:      win32
[debug] [2025-06-01T07:18:56.548Z] Node Version:  v22.13.1
[debug] [2025-06-01T07:18:56.548Z] Time:          Sun Jun 01 2025 14:18:56 GMT+0700 (Western Indonesia Time)
[debug] [2025-06-01T07:18:56.548Z] ----------------------------------------------------------------------
[debug] 
[debug] [2025-06-01T07:18:56.790Z] > command requires scopes: ["email","openid","https://www.googleapis.com/auth/cloudplatformprojects.readonly","https://www.googleapis.com/auth/firebase","https://www.googleapis.com/auth/cloud-platform"]
[debug] [2025-06-01T07:18:56.791Z] > authorizing via signed-in user (lolikloki@gmail.com)
[debug] [2025-06-01T07:18:56.792Z] Checked if tokens are valid: true, expires at: 1748764060933
[debug] [2025-06-01T07:18:56.792Z] Checked if tokens are valid: true, expires at: 1748764060933
[debug] [2025-06-01T07:18:56.794Z] >>> [apiv2][query] GET https://firebase.googleapis.com/v1beta1/projects pageSize=1000
[debug] [2025-06-01T07:18:57.476Z] <<< [apiv2][status] GET https://firebase.googleapis.com/v1beta1/projects 200
[debug] [2025-06-01T07:18:57.476Z] <<< [apiv2][body] GET https://firebase.googleapis.com/v1beta1/projects [omitted]
[debug] [2025-06-01T07:22:20.226Z] ExitPromptError: User force closed the prompt with SIGINT
    at Interface.sigint (C:\Users\rizqi\AppData\Roaming\npm\node_modules\firebase-tools\node_modules\@inquirer\core\dist\commonjs\lib\create-prompt.js:101:37)
    at Interface.emit (node:events:524:28)
    at Interface.emit (node:domain:489:12)
    at [_ttyWrite] [as _ttyWrite] (node:internal/readline/interface:1124:18)
    at ReadStream.onkeypress (node:internal/readline/interface:263:20)
    at ReadStream.emit (node:events:536:35)
    at ReadStream.emit (node:domain:489:12)
    at emitKeys (node:internal/readline/utils:370:14)
    at emitKeys.next (<anonymous>)
    at ReadStream.onData (node:internal/readline/emitKeypressEvents:64:36)
[error] 
[error] Error: An unexpected error has occurred.
